#
# There is insufficient memory for the Java Runtime Environment to continue.
# Native memory allocation (mmap) failed to map 130023424 bytes. Error detail: G1 virtual space
# Possible reasons:
#   The system is out of physical RAM or swap space
#   This process is running with CompressedOops enabled, and the Java Heap may be blocking the growth of the native heap
# Possible solutions:
#   Reduce memory load on the system
#   Increase physical memory or swap space
#   Check if swap backing store is full
#   Decrease Java heap size (-Xmx/-Xms)
#   Decrease number of Java threads
#   Decrease Java thread stack sizes (-Xss)
#   Set larger code cache with -XX:ReservedCodeCacheSize=
#   JVM is running with Unscaled Compressed Oops mode in which the Java heap is
#     placed in the first 4GB address space. The Java Heap base address is the
#     maximum limit for the native heap growth. Please use -XX:HeapBaseMinAddress
#     to set the Java Heap base and to place the Java Heap above 4GB virtual address.
# This output file may be truncated or incomplete.
#
#  Out of Memory Error (os_windows.cpp:3564), pid=20652, tid=30396
#
# JRE version:  (24.0.1+9) (build )
# Java VM: OpenJDK 64-Bit Server VM (24.0.1+9-30, mixed mode, sharing, tiered, compressed oops, compressed class ptrs, g1 gc, windows-amd64)
# No core dump will be written. Minidumps are not enabled by default on client versions of Windows
#

---------------  S U M M A R Y ------------

Command Line: -javaagent:C:\Program Files\JetBrains\IntelliJ IDEA Community Edition 2024.3.3\lib\idea_rt.jar=55115:C:\Program Files\JetBrains\IntelliJ IDEA Community Edition 2024.3.3\bin -Dfile.encoding=UTF-8 -Dsun.stdout.encoding=UTF-8 -Dsun.stderr.encoding=UTF-8 com.Maruthi.Portfolio.PortfolioApplication

Host: 12th Gen Intel(R) Core(TM) i5-12500H, 16 cores, 7G,  Windows 11 , 64 bit Build 26100 (10.0.26100.7309)
Time: Tue Jan  6 20:09:30 2026 India Standard Time elapsed time: 1.253023 seconds (0d 0h 0m 1s)

---------------  T H R E A D  ---------------

Current thread (0x000001b2873f40d0):  JavaThread "Unknown thread" [_thread_in_vm, id=30396, stack(0x00000057ee000000,0x00000057ee100000) (1024K)]

Stack: [0x00000057ee000000,0x00000057ee100000]
Native frames: (J=compiled Java code, j=interpreted, Vv=VM code, C=native code)
V  [jvm.dll+0x730739]  (no source info available)
V  [jvm.dll+0x8d9b23]  (no source info available)
V  [jvm.dll+0x8dc00d]  (no source info available)
V  [jvm.dll+0x8dc683]  (no source info available)
V  [jvm.dll+0x2aa086]  (no source info available)
V  [jvm.dll+0x72cc65]  (no source info available)
V  [jvm.dll+0x72059a]  (no source info available)
V  [jvm.dll+0x390cea]  (no source info available)
V  [jvm.dll+0x3989f6]  (no source info available)
V  [jvm.dll+0x38523e]  (no source info available)
V  [jvm.dll+0x3854f8]  (no source info available)
V  [jvm.dll+0x35d0cc]  (no source info available)
V  [jvm.dll+0x35dd8d]  (no source info available)
V  [jvm.dll+0x89d28f]  (no source info available)
V  [jvm.dll+0x3f985d]  (no source info available)
V  [jvm.dll+0x8858e6]  (no source info available)
V  [jvm.dll+0x495f3e]  (no source info available)
V  [jvm.dll+0x497d11]  (no source info available)
C  [jli.dll+0x52a1]  (no source info available)
C  [ucrtbase.dll+0x37b0]  (no source info available)
C  [KERNEL32.DLL+0x2e8d7]  (no source info available)
C  [ntdll.dll+0x8c53c]  (no source info available)

Lock stack of current Java thread (top to bottom):


---------------  P R O C E S S  ---------------

Threads class SMR info:
_java_thread_list=0x00007ffa7f11f318, length=0, elements={
}

Java Threads: ( => current thread )
Total: 0

Other Threads:
  0x000001b28744c520 WorkerThread "GC Thread#0"                     [id=26276, stack(0x00000057ee100000,0x00000057ee200000) (1024K)]
  0x000001b287460940 ConcurrentGCThread "G1 Main Marker"            [id=19784, stack(0x00000057ee200000,0x00000057ee300000) (1024K)]
  0x000001b287461450 WorkerThread "G1 Conc#0"                       [id=25368, stack(0x00000057ee300000,0x00000057ee400000) (1024K)]

[error occurred during error reporting (printing all threads), id 0xc0000005, EXCEPTION_ACCESS_VIOLATION (0xc0000005) at pc=0x00007ffa7e8514ea]
VM state: not at safepoint (not fully initialized)

VM Mutex/Monitor currently owned by a thread:  ([mutex/lock_event])
[0x00007ffa7f1a45b0] Heap_lock - owner thread: 0x000001b2873f40d0

Heap address: 0x0000000084e00000, size: 1970 MB, Compressed Oops mode: 32-bit

CDS archive(s) mapped at: [0x0000000000000000-0x0000000000000000-0x0000000000000000), size 0, SharedBaseAddress: 0x0000000800000000, ArchiveRelocationMode: 1.
UseCompressedClassPointers 1, UseCompactObjectHeaders 0
Narrow klass pointer bits 32, Max shift 3
Narrow klass base: 0xffffffffffffffff, Narrow klass shift: -1
Encoding Range: [0xffffffffffffffff - 0x000000007fffffff), (2147483648 bytes)
Klass Range:    [0x0000000000000000 - 0x0000000000000000), (0 bytes)
Klass ID Range:  [4294967295 - 0) (1)

GC Precious Log:
 CardTable entry size: 512
 Card Set container configuration: InlinePtr #cards 5 size 8 Array Of Cards #cards 10 size 36 Howl #buckets 4 coarsen threshold 1843 Howl Bitmap #cards 512 size 80 coarsen threshold 460 Card regions per heap region 1 cards per card region 2048

Heap:
 garbage-first heap   total reserved 2017280K, committed 0K, used 0K [0x0000000084e00000, 0x0000000100000000)
  region size 1024K, 0 young (0K), 0 survivors (0K)

[error occurred during error reporting (printing heap information), id 0xc0000005, EXCEPTION_ACCESS_VIOLATION (0xc0000005) at pc=0x00007ffa7ec6e3e9]
GC Heap History (0 events):
No events

Dll operation events (1 events):
Event: 0.011 Loaded shared library C:\Users\DELL\.jdks\openjdk-24.0.1\bin\java.dll

Deoptimization events (0 events):
No events

Classes loaded (0 events):
No events

Classes unloaded (0 events):
No events

Classes redefined (0 events):
No events

Internal exceptions (0 events):
No events

VM Operations (0 events):
No events

Memory protections (0 events):
No events

Nmethod flushes (0 events):
No events

Events (0 events):
No events


Dynamic libraries:
0x00007ff6deda0000 - 0x00007ff6dedae000 	C:\Users\DELL\.jdks\openjdk-24.0.1\bin\java.exe
0x00007ffb60dc0000 - 0x00007ffb61027000 	C:\WINDOWS\SYSTEM32\ntdll.dll
0x00007ffb5eef0000 - 0x00007ffb5efb9000 	C:\WINDOWS\System32\KERNEL32.DLL
0x00007ffb5e760000 - 0x00007ffb5eb4f000 	C:\WINDOWS\System32\KERNELBASE.dll
0x00007ffb5e2b0000 - 0x00007ffb5e3fb000 	C:\WINDOWS\System32\ucrtbase.dll
0x00007ffb2bb90000 - 0x00007ffb2bbab000 	C:\Users\DELL\.jdks\openjdk-24.0.1\bin\VCRUNTIME140.dll
0x00007ffb2d2b0000 - 0x00007ffb2d2c6000 	C:\Users\DELL\.jdks\openjdk-24.0.1\bin\jli.dll
0x00007ffb5f650000 - 0x00007ffb5f815000 	C:\WINDOWS\System32\USER32.dll
0x00007ffb5e080000 - 0x00007ffb5e0a7000 	C:\WINDOWS\System32\win32u.dll
0x00007ffb3e730000 - 0x00007ffb3e9c3000 	C:\WINDOWS\WinSxS\amd64_microsoft.windows.common-controls_6595b64144ccf1df_6.0.26100.7309_none_3e05feeae336a044\COMCTL32.dll
0x00007ffb5eda0000 - 0x00007ffb5edcb000 	C:\WINDOWS\System32\GDI32.dll
0x00007ffb5f150000 - 0x00007ffb5f1f9000 	C:\WINDOWS\System32\msvcrt.dll
0x00007ffb5e4b0000 - 0x00007ffb5e5dc000 	C:\WINDOWS\System32\gdi32full.dll
0x00007ffb5df10000 - 0x00007ffb5dfb3000 	C:\WINDOWS\System32\msvcp_win.dll
0x00007ffb5eca0000 - 0x00007ffb5ecd1000 	C:\WINDOWS\System32\IMM32.DLL
0x00007ffb2dcc0000 - 0x00007ffb2dccc000 	C:\Users\DELL\.jdks\openjdk-24.0.1\bin\vcruntime140_1.dll
0x00007ffae32e0000 - 0x00007ffae336e000 	C:\Users\DELL\.jdks\openjdk-24.0.1\bin\msvcp140.dll
0x00007ffa7e4e0000 - 0x00007ffa7f282000 	C:\Users\DELL\.jdks\openjdk-24.0.1\bin\server\jvm.dll
0x00007ffb5f590000 - 0x00007ffb5f644000 	C:\WINDOWS\System32\ADVAPI32.dll
0x00007ffb5ece0000 - 0x00007ffb5ed86000 	C:\WINDOWS\System32\sechost.dll
0x00007ffb5edd0000 - 0x00007ffb5eee8000 	C:\WINDOWS\System32\RPCRT4.dll
0x00007ffb5f0d0000 - 0x00007ffb5f144000 	C:\WINDOWS\System32\WS2_32.dll
0x00007ffb532f0000 - 0x00007ffb53325000 	C:\WINDOWS\SYSTEM32\WINMM.dll
0x00007ffb52fc0000 - 0x00007ffb52fcb000 	C:\WINDOWS\SYSTEM32\VERSION.dll
0x00007ffb5dd70000 - 0x00007ffb5ddce000 	C:\WINDOWS\SYSTEM32\POWRPROF.dll
0x00007ffb5dd50000 - 0x00007ffb5dd64000 	C:\WINDOWS\SYSTEM32\UMPDC.dll
0x00007ffb5ccc0000 - 0x00007ffb5ccdb000 	C:\WINDOWS\SYSTEM32\kernel.appcore.dll
0x00007ffb2dc30000 - 0x00007ffb2dc3a000 	C:\Users\DELL\.jdks\openjdk-24.0.1\bin\jimage.dll
0x00007ffb5b5a0000 - 0x00007ffb5b7e2000 	C:\WINDOWS\SYSTEM32\DBGHELP.DLL
0x00007ffb609f0000 - 0x00007ffb60d75000 	C:\WINDOWS\System32\combase.dll
0x00007ffb5eff0000 - 0x00007ffb5f0c6000 	C:\WINDOWS\System32\OLEAUT32.dll
0x00007ffb3b020000 - 0x00007ffb3b05c000 	C:\WINDOWS\SYSTEM32\dbgcore.DLL
0x00007ffb5e400000 - 0x00007ffb5e4a5000 	C:\WINDOWS\System32\bcryptPrimitives.dll
0x00007ffb2d620000 - 0x00007ffb2d62f000 	C:\Users\DELL\.jdks\openjdk-24.0.1\bin\instrument.dll
0x00007ffb2b750000 - 0x00007ffb2b76e000 	C:\Users\DELL\.jdks\openjdk-24.0.1\bin\java.dll
0x00007ffb60240000 - 0x00007ffb603d7000 	C:\WINDOWS\System32\ole32.dll
0x00007ffb5fae0000 - 0x00007ffb60233000 	C:\WINDOWS\System32\SHELL32.dll
0x00007ffb5e0b0000 - 0x00007ffb5e21a000 	C:\WINDOWS\System32\wintypes.dll

JVMTI agents:
C:\Program Files\JetBrains\IntelliJ IDEA Community Edition 2024.3.3\lib\idea_rt.jar path:none, loaded, not initialized, instrumentlib options:55115:C:\Program Files\JetBrains\IntelliJ IDEA Community Edition 2024.3.3\bin

dbghelp: loaded successfully - version: 4.0.5 - missing functions: none
symbol engine: initialized successfully - sym options: 0x614 - pdb path: .;C:\Users\DELL\.jdks\openjdk-24.0.1\bin;C:\WINDOWS\SYSTEM32;C:\WINDOWS\WinSxS\amd64_microsoft.windows.common-controls_6595b64144ccf1df_6.0.26100.7309_none_3e05feeae336a044;C:\Users\DELL\.jdks\openjdk-24.0.1\bin\server

VM Arguments:
jvm_args: -javaagent:C:\Program Files\JetBrains\IntelliJ IDEA Community Edition 2024.3.3\lib\idea_rt.jar=55115:C:\Program Files\JetBrains\IntelliJ IDEA Community Edition 2024.3.3\bin -Dfile.encoding=UTF-8 -Dsun.stdout.encoding=UTF-8 -Dsun.stderr.encoding=UTF-8 
java_command: com.Maruthi.Portfolio.PortfolioApplication
java_class_path (initial): D:\Portfolio\Portfolio_Backend\Portfolio\target\classes;C:\Users\DELL\.m2\repository\org\springframework\boot\spring-boot-starter-webmvc\4.0.1\spring-boot-starter-webmvc-4.0.1.jar;C:\Users\DELL\.m2\repository\org\springframework\boot\spring-boot-starter\4.0.1\spring-boot-starter-4.0.1.jar;C:\Users\DELL\.m2\repository\org\springframework\boot\spring-boot-starter-logging\4.0.1\spring-boot-starter-logging-4.0.1.jar;C:\Users\DELL\.m2\repository\ch\qos\logback\logback-classic\1.5.22\logback-classic-1.5.22.jar;C:\Users\DELL\.m2\repository\ch\qos\logback\logback-core\1.5.22\logback-core-1.5.22.jar;C:\Users\DELL\.m2\repository\org\apache\logging\log4j\log4j-to-slf4j\2.25.3\log4j-to-slf4j-2.25.3.jar;C:\Users\DELL\.m2\repository\org\apache\logging\log4j\log4j-api\2.25.3\log4j-api-2.25.3.jar;C:\Users\DELL\.m2\repository\org\slf4j\jul-to-slf4j\2.0.17\jul-to-slf4j-2.0.17.jar;C:\Users\DELL\.m2\repository\org\springframework\boot\spring-boot-autoconfigure\4.0.1\spring-boot-autoconfigure-4.0.1.jar;C:\Users\DELL\.m2\repository\jakarta\annotation\jakarta.annotation-api\3.0.0\jakarta.annotation-api-3.0.0.jar;C:\Users\DELL\.m2\repository\org\yaml\snakeyaml\2.5\snakeyaml-2.5.jar;C:\Users\DELL\.m2\repository\org\springframework\boot\spring-boot-starter-jackson\4.0.1\spring-boot-starter-jackson-4.0.1.jar;C:\Users\DELL\.m2\repository\org\springframework\boot\spring-boot-jackson\4.0.1\spring-boot-jackson-4.0.1.jar;C:\Users\DELL\.m2\repository\tools\jackson\core\jackson-databind\3.0.3\jackson-databind-3.0.3.jar;C:\Users\DELL\.m2\repository\com\fasterxml\jackson\core\jackson-annotations\2.20\jackson-annotations-2.20.jar;C:\Users\DELL\.m2\repository\tools\jackson\core\jackson-core\3.0.3\jackson-core-3.0.3.jar;C:\Users\DELL\.m2\repository\org\springframework\boot\spring-boot-starter-tomcat\4.0.1\spring-boot-starter-tomcat-4.0.1.jar;C:\Users\DELL\.m2\repository\org\springframework\boot\spring-boot-starter-tomcat-runtime\4.0.1\spring-boot-starter-tomcat-runtime-4.0.1.jar;C:\Users\DELL\.m2\repository\org\apache\tomcat\embed\tomcat-embed-core\11.0.15\tomcat-embed-core-11.0.15.jar;C:\Users\DELL\.m2\repository\org\apache\tomcat\embed\tomcat-embed-el\11.0.15\tomcat-embed-el-11.0.15.jar;C:\Users\DELL\.m2\repository\org\apache\tomcat\embed\tomcat-embed-websocket\11.0.15\tomcat-embed-websocket-11.0.15.jar;C:\Users\DELL\.m2\repository\org\springframework\boot\spring-boot-tomcat\4.0.1\spring-boot-tomcat-4.0.1.jar;C:\Users\DELL\.m2\repository\org\springframework\boot\spring-boot-http-converter\4.0.1\spring-boot-http-converter-4.0.1.jar;C:\Users\DELL\.m2\repository\org\springframework\boot\spring-boot\4.0.1\spring-boot-4.0.1.jar;C:\Users\DELL\.m2\repository\org\springframework\spring-context\7.0.2\spring-context-7.0.2.jar;C:\Users\DELL\.m2\repository\org\springframework\spring-web\7.0.2\spring-web-7.0.2.jar;C:\Users\DELL\.m2\repository\org\springframework\spring-beans\7.0.2\spring-beans-7.0.2.jar;C:\Users\DELL\.m2\repository\io\micrometer\micrometer-observation\1.16.1\micrometer-observation-1.16.1.jar;C:\Users\DELL\.m2\repository\io\micrometer\micrometer-commons\1.16.1\micrometer-commons-1.16.1.jar;C:\Users\DELL\.m2\repository\org\springframework\boot\spring-boot-webmvc\4.0.1\spring-boot-webmvc-4.0.1.jar;C:\Users\DELL\.m2\repository\org\springframework\boot\spring-boot-servlet\4.0.1\spring-boot-servlet-4.0.1.jar;C:\Users\DELL\.m2\repository\org\springframework\spring-webmvc\7.0.2\spring-webmvc-7.0.2.jar;C:\Users\DELL\.m2\repository\org\springframework\spring-aop\7.0.2\spring-aop-7.0.2.jar;C:\Users\DELL\.m2\repository\org\springframework\spring-expression\7.0.2\spring-expression-7.0.2.jar;C:\Users\DELL\.m2\repository\org\projectlombok\lombok\1.18.42\lombok-1.18.42.jar;C:\Users\DELL\.m2\repository\org\slf4j\slf4j-api\2.0.17\slf4j-api-2.0.17.jar;C:\Users\DELL\.m2\repository\jakarta\activation\jakarta.activation-api\2.1.4\jakarta.activation-api-2.1.4.jar;C:\Users\DELL\.m2\repository\org\springframework\spring-core\7.0.2\spring-core-7.0.2.jar;C:\Users\DELL\.m2\repository\commons-logging\commons-logging\1.3.5\commons-logging-1.3.5.jar;C:\Users\DELL\.m2\repository\org\jspecify\jspecify\1.0.0\jspecify-1.0.0.jar;C:\Users\DELL\.m2\repository\org\springframework\boot\spring-boot-web-server\4.0.1\spring-boot-web-server-4.0.1.jar;C:\Users\DELL\.m2\repository\org\springframework\boot\spring-boot-starter-mail\4.0.1\spring-boot-starter-mail-4.0.1.jar;C:\Users\DELL\.m2\repository\org\springframework\boot\spring-boot-mail\4.0.1\spring-boot-mail-4.0.1.jar;C:\Users\DELL\.m2\repository\org\springframework\spring-context-support\7.0.2\spring-context-support-7.0.2.jar;C:\Users\DELL\.m2\repository\jakarta\mail\jakarta.mail-api\2.1.5\jakarta.mail-api-2.1.5.jar;C:\Users\DELL\.m2\repository\org\eclipse\angus\angus-mail\2.0.5\angus-mail-2.0.5.jar;C:\Users\DELL\.m2\repository\org\eclipse\angus\angus-activation\2.0.3\angus-activation-2.0.3.jar
Launcher Type: SUN_STANDARD

[Global flags]
     intx CICompilerCount                          = 12                                        {product} {ergonomic}
     uint ConcGCThreads                            = 3                                         {product} {ergonomic}
     uint G1ConcRefinementThreads                  = 13                                        {product} {ergonomic}
   size_t G1HeapRegionSize                         = 1048576                                   {product} {ergonomic}
   size_t InitialHeapSize                          = 130023424                                 {product} {ergonomic}
   size_t MarkStackSize                            = 4194304                                   {product} {ergonomic}
   size_t MarkStackSizeMax                         = 536870912                                 {product} {ergonomic}
   size_t MaxHeapSize                              = 2065694720                                {product} {ergonomic}
   size_t MinHeapDeltaBytes                        = 1048576                                   {product} {ergonomic}
   size_t MinHeapSize                              = 8388608                                   {product} {ergonomic}
    uintx NonNMethodCodeHeapSize                   = 7602176                                {pd product} {ergonomic}
    uintx NonProfiledCodeHeapSize                  = 122093568                              {pd product} {ergonomic}
    uintx ProfiledCodeHeapSize                     = 121962496                              {pd product} {ergonomic}
    uintx ReservedCodeCacheSize                    = 251658240                              {pd product} {ergonomic}
     bool SegmentedCodeCache                       = true                                      {product} {ergonomic}
   size_t SoftMaxHeapSize                          = 2065694720                             {manageable} {ergonomic}
     bool UseCompressedOops                        = true                           {product lp64_product} {ergonomic}
     bool UseG1GC                                  = true                                      {product} {ergonomic}
     bool UseLargePagesIndividualAllocation        = false                                  {pd product} {ergonomic}

Logging:
Log output configuration:
 #0: stdout all=warning uptime,level,tags foldmultilines=false
 #1: stderr all=off uptime,level,tags foldmultilines=false

Environment Variables:
PATH=C:\Program Files\Python313\Scripts\;C:\Program Files\Python313\;C:\Program Files\Common Files\Oracle\Java\javapath;C:\WINDOWS\system32;C:\WINDOWS;C:\WINDOWS\System32\Wbem;C:\WINDOWS\System32\WindowsPowerShell\v1.0\;C:\WINDOWS\System32\OpenSSH\;C:\Program Files\dotnet\;C:\Program Files (x86)\NVIDIA Corporation\PhysX\Common;C:\Program Files\nodejs\;C:\ProgramData\chocolatey\bin;C:\sqlite;C:\sqlite1;D:\react\backend\Git\cmd;C:\Program Files\Git\bin;C:\Users\DELL\AppData\Local\Programs\Python\Python311;C:\Users\DELL\AppData\Local\Programs\Python\Python311\Scripts;C:\Users\DELL\AppData\Roaming\npm;C:\ProgramData\anaconda3;C:\Program Files\Apache\apache-maven-3.9.11\bin;C:\Program Files\Python313\Scripts\;C:\Program Files\Python313\;C:\Program Files\Common Files\Oracle\Java\javapath;C:\WINDOWS\system32;C:\WINDOWS;C:\WINDOWS\System32\Wbem;C:\WINDOWS\System32\WindowsPowerShell\v1.0\;C:\WINDOWS\System32\OpenSSH\;C:\Program Files\dotnet\;C:\Program Files (x86)\NVIDIA Corporation\PhysX\Common;C:\Program Files\nodejs\;C:\ProgramData\chocolatey\bin;C:\sqlite;C:\Program Files\Python313\Scripts\;C:\Program Files\Python313\;C:\Program Files\Common Files\Oracle\Java\javapath;C:\WINDOWS\system32;C:\WINDOWS;C:\WINDOWS\System32\Wbem;C:\WINDOWS\System32\WindowsPowerShell\v1.0\;C:\WINDOWS\System32\OpenSSH\;C:\Program Files\dotnet\;C:\Program Files (x86)\NVIDIA Corporation\PhysX\Common;C:\Program Files\nodejs\;C:\ProgramData\chocolatey\bin;C:\sqlite;C:\sqlite;C:\sqlite;C:\Users\DELL\AppData\Local\Programs\Microsoft VS Code\bin;C:\Users\DELL\AppData\Local\Programs\mongosh\;C:\Users\DELL\AppData\Roaming\npm;
USERNAME=DELL
OS=Windows_NT
PROCESSOR_IDENTIFIER=Intel64 Family 6 Model 154 Stepping 3, GenuineIntel
TMP=C:\Users\DELL\AppData\Local\Temp
TEMP=C:\Users\DELL\AppData\Local\Temp




Periodic native trim disabled

---------------  S Y S T E M  ---------------

OS:
 Windows 11 , 64 bit Build 26100 (10.0.26100.7309)
OS uptime: 26 days 4:00 hours
Hyper-V role detected

CPU: total 16 (initial active 16) (8 cores per cpu, 2 threads per core) family 6 model 154 stepping 3 microcode 0x437, cx8, cmov, fxsr, ht, mmx, 3dnowpref, sse, sse2, sse3, ssse3, sse4.1, sse4.2, popcnt, lzcnt, tsc, tscinvbit, avx, avx2, aes, erms, clmul, bmi1, bmi2, adx, sha, fma, vzeroupper, clflush, clflushopt, clwb, hv, serialize, rdtscp, rdpid, fsrm, gfni, f16c, cet_ibt, cet_ss
Processor Information for processor 0
  Max Mhz: 2500, Current Mhz: 2500, Mhz Limit: 2500
Processor Information for processor 1
  Max Mhz: 2500, Current Mhz: 2500, Mhz Limit: 2500
Processor Information for processor 2
  Max Mhz: 2500, Current Mhz: 2500, Mhz Limit: 2500
Processor Information for processor 3
  Max Mhz: 2500, Current Mhz: 2500, Mhz Limit: 2500
Processor Information for processor 4
  Max Mhz: 2500, Current Mhz: 2500, Mhz Limit: 2500
Processor Information for processor 5
  Max Mhz: 2500, Current Mhz: 2500, Mhz Limit: 2500
Processor Information for processor 6
  Max Mhz: 2500, Current Mhz: 2500, Mhz Limit: 2500
Processor Information for processor 7
  Max Mhz: 2500, Current Mhz: 2500, Mhz Limit: 2500
Processor Information for processor 8
  Max Mhz: 2500, Current Mhz: 2500, Mhz Limit: 2500
Processor Information for processor 9
  Max Mhz: 2500, Current Mhz: 2500, Mhz Limit: 2500
Processor Information for processor 10
  Max Mhz: 2500, Current Mhz: 1527, Mhz Limit: 2500
Processor Information for processor 11
  Max Mhz: 2500, Current Mhz: 1527, Mhz Limit: 2500
Processor Information for processor 12
  Max Mhz: 2500, Current Mhz: 1527, Mhz Limit: 2500
Processor Information for processor 13
  Max Mhz: 2500, Current Mhz: 1527, Mhz Limit: 2500
Processor Information for processor 14
  Max Mhz: 2500, Current Mhz: 1527, Mhz Limit: 2500
Processor Information for processor 15
  Max Mhz: 2500, Current Mhz: 1527, Mhz Limit: 2500

Memory: 4k page, system-wide physical 7876M (633M free)
TotalPageFile size 20376M (AvailPageFile size 10M)
current process WorkingSet (physical memory assigned to process): 13M, peak: 13M
current process commit charge ("private bytes"): 71M, peak: 195M

vm_info: OpenJDK 64-Bit Server VM (24.0.1+9-30) for windows-amd64 JRE (24.0.1+9-30), built on 2025-03-05T07:23:45Z with MS VC++ 17.6 (VS2022)

END.
